Flutter crash report.
Please report a bug at https://github.com/flutter/flutter/issues.

## command

flutter --quiet assemble --no-version-check --depfile /Users/muhammadrahardianbaihaqi/Documents/e_logbook/build/app/intermediates/flutter/debug/flutter_build.d --output /Users/muhammadrahardianbaihaqi/Documents/e_logbook/build/app/intermediates/flutter/debug -dTargetFile=/Users/muhammadrahardianbaihaqi/Documents/e_logbook/lib/main.dart -dTargetPlatform=android -dBuildMode=debug -dTrackWidgetCreation=true --DartDefines=RkxVVFRFUl9WRVJTSU9OPTMuMzguNQ==,RkxVVFRFUl9DSEFOTkVMPXN0YWJsZQ==,RkxVVFRFUl9HSVRfVVJMPWh0dHBzOi8vZ2l0aHViLmNvbS9mbHV0dGVyL2ZsdXR0ZXIuZ2l0,RkxVVFRFUl9GUkFNRVdPUktfUkVWSVNJT049ZjZmZjE1MjlmZA==,RkxVVFRFUl9FTkdJTkVfUkVWSVNJT049MTUyN2FlMGVjNQ==,RkxVVFRFUl9EQVJUX1ZFUlNJT049My4xMC40 -dFlavor= -dAndroidArchs=android-arm -dMinSdkVersion=24 debug_android_application

## exception

FileSystemException: FileSystemException: readInto failed, path = '/Users/muhammadrahardianbaihaqi/Documents/e_logbook/build/app/intermediates/flutter/debug/.last_build_id' (OS Error: Operation timed out, errno = 60)

```
#0      _RandomAccessFile.readIntoSync (dart:io/file_impl.dart:948:7)
#1      _File.readAsBytesSync (dart:io/file_impl.dart:683:35)
#2      _File.readAsStringSync (dart:io/file_impl.dart:719:18)
#3      ForwardingFile.readAsStringSync (package:file/src/forwarding/forwarding_file.dart:99:16)
#4      ErrorHandlingFile.readAsStringSync.<anonymous closure> (package:flutter_tools/src/base/error_handling_io.dart:212:22)
#5      _runSync (package:flutter_tools/src/base/error_handling_io.dart:552:14)
#6      ErrorHandlingFile.readAsStringSync (package:flutter_tools/src/base/error_handling_io.dart:211:12)
#7      FlutterBuildSystem.trackSharedBuildDirectory (package:flutter_tools/src/build_system/build_system.dart:776:48)
#8      FlutterBuildSystem.build (package:flutter_tools/src/build_system/build_system.dart:682:5)
<asynchronous suspension>
#9      AssembleCommand.runCommand (package:flutter_tools/src/commands/assemble.dart:361:32)
<asynchronous suspension>
#10     FlutterCommand.run.<anonymous closure> (package:flutter_tools/src/runner/flutter_command.dart:1559:27)
<asynchronous suspension>
#11     AppContext.run.<anonymous closure> (package:flutter_tools/src/base/context.dart:154:19)
<asynchronous suspension>
#12     CommandRunner.runCommand (package:args/command_runner.dart:212:13)
<asynchronous suspension>
#13     FlutterCommandRunner.runCommand.<anonymous closure> (package:flutter_tools/src/runner/flutter_command_runner.dart:487:9)
<asynchronous suspension>
#14     AppContext.run.<anonymous closure> (package:flutter_tools/src/base/context.dart:154:19)
<asynchronous suspension>
#15     FlutterCommandRunner.runCommand (package:flutter_tools/src/runner/flutter_command_runner.dart:422:5)
<asynchronous suspension>
#16     run.<anonymous closure>.<anonymous closure> (package:flutter_tools/runner.dart:104:11)
<asynchronous suspension>
#17     AppContext.run.<anonymous closure> (package:flutter_tools/src/base/context.dart:154:19)
<asynchronous suspension>
#18     main (package:flutter_tools/executable.dart:103:3)
<asynchronous suspension>
```

## flutter doctor

```
[!] Flutter (Channel stable, 3.38.5, on macOS 15.3 24D60 darwin-arm64, locale en-ID) [3.6s]
    • Flutter version 3.38.5 on channel stable at /Users/muhammadrahardianbaihaqi/development/flutter
    ! The flutter binary is not on your path. Consider adding /Users/muhammadrahardianbaihaqi/development/flutter/bin to your path.
    ! The dart binary is not on your path. Consider adding /Users/muhammadrahardianbaihaqi/development/flutter/bin to your path.
    • Upstream repository https://github.com/flutter/flutter.git
    • Framework revision f6ff1529fd (4 weeks ago), 2025-12-11 11:50:07 -0500
    • Engine revision 1527ae0ec5
    • Dart version 3.10.4
    • DevTools version 2.51.1
    • Feature flags: enable-web, enable-linux-desktop, enable-macos-desktop, enable-windows-desktop, enable-android, enable-ios, cli-animations, enable-native-assets, omit-legacy-version-file, enable-lldb-debugging
    • If those were intentional, you can disregard the above warnings; however it is recommended to use "git" directly to perform update checks and upgrades.

[✓] Android toolchain - develop for Android devices (Android SDK version 36.1.0) [4.9s]
    • Android SDK at /Users/muhammadrahardianbaihaqi/Library/Android/sdk
    • Emulator version unknown
    • Platform android-36, build-tools 36.1.0
    • Java binary at: /Applications/Android Studio.app/Contents/jbr/Contents/Home/bin/java
      This is the JDK bundled with the latest Android Studio installation on this machine.
      To manually set the JDK path, use: `flutter config --jdk-dir="path/to/jdk"`.
    • Java version OpenJDK Runtime Environment (build 21.0.8+-14196175-b1038.72)
    • All Android licenses accepted.

[!] Xcode - develop for iOS and macOS (Xcode 16.4) [8.4s]
    • Xcode at /Applications/Xcode.app/Contents/Developer
    • Build 16F6
    ✗ CocoaPods not installed.
        CocoaPods is a package manager for iOS or macOS platform code.
        Without CocoaPods, plugins will not work on iOS or macOS.
        For more info, see https://flutter.dev/to/platform-plugins
      For installation instructions, see https://guides.cocoapods.org/using/getting-started.html#installation

[✓] Chrome - develop for the web [89ms]
    • Chrome at /Applications/Google Chrome.app/Contents/MacOS/Google Chrome

[✓] Connected device (3 available) [12.8s]
    • SM A105G (mobile) • RR8M40ERCGB • android-arm    • Android 11 (API 30)
    • macOS (desktop)   • macos       • darwin-arm64   • macOS 15.3 24D60 darwin-arm64
    • Chrome (web)      • chrome      • web-javascript • Google Chrome 143.0.7499.170

[✓] Network resources [429ms]
    • All expected network resources are available.

! Doctor found issues in 2 categories.
```
